<?xml version="1.0" encoding="UTF-8"?>
<testsuite name="com.targil.tiba.tests.tests.YoutubePlay" tests="1" skipped="0" failures="0" errors="0" timestamp="2023-02-09T14:20:51" hostname="DESKTOP-2TPN2B7" time="28.895">
  <properties/>
  <testcase name="testMy" classname="com.targil.tiba.tests.tests.YoutubePlay" time="28.895"/>
  <system-out><![CDATA[]]></system-out>
  <system-err><![CDATA[]]></system-err>
</testsuite>
